2025-09-17 02:53:33,138 - INFO - === W-sub 节点订阅汇总工具启动 ===
2025-09-17 02:53:33,138 - INFO - 当前时间: 2025-09-17 02:53:33
2025-09-17 02:53:33,138 - INFO - 输出目录: subscriptions_output
2025-09-17 02:53:33,138 - INFO - 日志级别: INFO
2025-09-17 02:53:33,138 - INFO - 尝试加载配置文件: /home/runner/work/W-sub/W-sub/config/config.txt
2025-09-17 02:53:33,139 - INFO - 成功加载配置文件: /home/runner/work/W-sub/W-sub/config/config.txt
2025-09-17 02:53:33,139 - INFO - 成功加载配置，共 11 个节点源
2025-09-17 02:53:33,139 - INFO - 开始合并 11 个节点源
2025-09-17 02:53:33,139 - INFO - 正在获取节点源: https://raw.githubusercontent.com/AvenCores/goida-vpn-configs/refs/heads/main/githubmirror/9.txt (尝试 1/3)
2025-09-17 02:53:33,140 - INFO - 正在获取节点源: https://raw.githubusercontent.com/irfreedom/Vpn-fail/refs/heads/main/subscription/base64 (尝试 1/3)
2025-09-17 02:53:33,140 - INFO - 正在获取节点源: https://raw.githubusercontent.com/thirtysixpw/v2ray-reaper/refs/heads/main/base64/2 (尝试 1/3)
2025-09-17 02:53:33,144 - INFO - 正在获取节点源: https://raw.githubusercontent.com/ggborr/FREEE-VPN/refs/heads/main/8V2 (尝试 1/3)
2025-09-17 02:53:33,146 - INFO - 正在获取节点源: https://raw.githubusercontent.com/Epodonios/v2ray-configs/main/All_Configs_base64_Sub.txt (尝试 1/3)
2025-09-17 02:53:33,148 - INFO - 正在获取节点源: https://raw.githubusercontent.com/MohsenReyhani/vless-subscriptions/refs/heads/main/sub.txt (尝试 1/3)
2025-09-17 02:53:33,149 - INFO - 正在获取节点源: https://raw.githubusercontent.com/SoroushImanian/BlackKnight/refs/heads/main/sub/vless (尝试 1/3)
2025-09-17 02:53:33,155 - INFO - 正在获取节点源: https://raw.githubusercontent.com/itsyebekhe/PSG/refs/heads/main/subscriptions/xray/base64/vless (尝试 1/3)
2025-09-17 02:53:33,158 - INFO - 正在获取节点源: https://raw.githubusercontent.com/YFTree/ClashNodes/refs/heads/main/V2Ray/4.txt (尝试 1/3)
2025-09-17 02:53:33,160 - INFO - 正在获取节点源: https://raw.githubusercontent.com/free18/v2ray/refs/heads/main/v.txt (尝试 1/3)
2025-09-17 02:53:33,292 - INFO - 成功从 https://raw.githubusercontent.com/AvenCores/goida-vpn-configs/refs/heads/main/githubmirror/9.txt 获取 66 个节点
2025-09-17 02:53:33,293 - INFO - 正在获取节点源: https://raw.githubusercontent.com/Surfboardv2ray/TGParse/main/splitted/mixed (尝试 1/3)
2025-09-17 02:53:33,313 - INFO - 成功从 https://raw.githubusercontent.com/ggborr/FREEE-VPN/refs/heads/main/8V2 获取 9 个节点
2025-09-17 02:53:33,331 - INFO - 成功从 https://raw.githubusercontent.com/free18/v2ray/refs/heads/main/v.txt 获取 29 个节点
2025-09-17 02:53:33,332 - INFO - 成功从 https://raw.githubusercontent.com/irfreedom/Vpn-fail/refs/heads/main/subscription/base64 获取 56 个节点
2025-09-17 02:53:33,341 - WARNING - 从 https://raw.githubusercontent.com/thirtysixpw/v2ray-reaper/refs/heads/main/base64/2 获取内容，但未能提取到节点
2025-09-17 02:53:33,341 - INFO - 将在重试 https://raw.githubusercontent.com/thirtysixpw/v2ray-reaper/refs/heads/main/base64/2
2025-09-17 02:53:33,341 - INFO - 正在获取节点源: https://raw.githubusercontent.com/thirtysixpw/v2ray-reaper/refs/heads/main/base64/2 (尝试 2/3)
2025-09-17 02:53:33,347 - INFO - 成功从 https://raw.githubusercontent.com/MohsenReyhani/vless-subscriptions/refs/heads/main/sub.txt 获取 7 个节点
2025-09-17 02:53:33,350 - INFO - 成功从 https://raw.githubusercontent.com/YFTree/ClashNodes/refs/heads/main/V2Ray/4.txt 获取 56 个节点
2025-09-17 02:53:33,369 - WARNING - 从 https://raw.githubusercontent.com/SoroushImanian/BlackKnight/refs/heads/main/sub/vless 获取内容，但未能提取到节点
2025-09-17 02:53:33,369 - INFO - 将在重试 https://raw.githubusercontent.com/SoroushImanian/BlackKnight/refs/heads/main/sub/vless
2025-09-17 02:53:33,369 - INFO - 正在获取节点源: https://raw.githubusercontent.com/SoroushImanian/BlackKnight/refs/heads/main/sub/vless (尝试 2/3)
2025-09-17 02:53:33,405 - WARNING - 从 https://raw.githubusercontent.com/thirtysixpw/v2ray-reaper/refs/heads/main/base64/2 获取内容，但未能提取到节点
2025-09-17 02:53:33,406 - INFO - 将在重试 https://raw.githubusercontent.com/thirtysixpw/v2ray-reaper/refs/heads/main/base64/2
2025-09-17 02:53:33,406 - INFO - 正在获取节点源: https://raw.githubusercontent.com/thirtysixpw/v2ray-reaper/refs/heads/main/base64/2 (尝试 3/3)
2025-09-17 02:53:33,414 - WARNING - 从 https://raw.githubusercontent.com/SoroushImanian/BlackKnight/refs/heads/main/sub/vless 获取内容，但未能提取到节点
2025-09-17 02:53:33,414 - INFO - 将在重试 https://raw.githubusercontent.com/SoroushImanian/BlackKnight/refs/heads/main/sub/vless
2025-09-17 02:53:33,414 - INFO - 正在获取节点源: https://raw.githubusercontent.com/SoroushImanian/BlackKnight/refs/heads/main/sub/vless (尝试 3/3)
2025-09-17 02:53:33,452 - WARNING - 从 https://raw.githubusercontent.com/itsyebekhe/PSG/refs/heads/main/subscriptions/xray/base64/vless 获取内容，但未能提取到节点
2025-09-17 02:53:33,452 - INFO - 将在重试 https://raw.githubusercontent.com/itsyebekhe/PSG/refs/heads/main/subscriptions/xray/base64/vless
2025-09-17 02:53:33,452 - INFO - 正在获取节点源: https://raw.githubusercontent.com/itsyebekhe/PSG/refs/heads/main/subscriptions/xray/base64/vless (尝试 2/3)
2025-09-17 02:53:33,478 - WARNING - 从 https://raw.githubusercontent.com/thirtysixpw/v2ray-reaper/refs/heads/main/base64/2 获取内容，但未能提取到节点
2025-09-17 02:53:33,580 - WARNING - 从 https://raw.githubusercontent.com/SoroushImanian/BlackKnight/refs/heads/main/sub/vless 获取内容，但未能提取到节点
2025-09-17 02:53:33,594 - INFO - 成功从 https://raw.githubusercontent.com/Surfboardv2ray/TGParse/main/splitted/mixed 获取 808 个节点
2025-09-17 02:53:33,627 - WARNING - 从 https://raw.githubusercontent.com/itsyebekhe/PSG/refs/heads/main/subscriptions/xray/base64/vless 获取内容，但未能提取到节点
2025-09-17 02:53:33,627 - INFO - 将在重试 https://raw.githubusercontent.com/itsyebekhe/PSG/refs/heads/main/subscriptions/xray/base64/vless
2025-09-17 02:53:33,627 - INFO - 正在获取节点源: https://raw.githubusercontent.com/itsyebekhe/PSG/refs/heads/main/subscriptions/xray/base64/vless (尝试 3/3)
2025-09-17 02:53:33,747 - INFO - 成功从 https://raw.githubusercontent.com/Epodonios/v2ray-configs/main/All_Configs_base64_Sub.txt 获取 1490 个节点
2025-09-17 02:53:33,777 - WARNING - 从 https://raw.githubusercontent.com/itsyebekhe/PSG/refs/heads/main/subscriptions/xray/base64/vless 获取内容，但未能提取到节点
2025-09-17 02:53:33,787 - INFO - 节点合并完成，共获取 939 个唯一节点
2025-09-17 02:53:33,788 - INFO - 准备生成订阅文件: subscriptions_output/subscription_all.txt，包含939个节点
2025-09-17 02:53:33,789 - INFO - 订阅已生成: subscriptions_output/subscription_all.txt，大小: 277152字节
2025-09-17 02:53:33,790 - INFO - === W-sub 节点订阅汇总工具运行完成 ===
2025-09-17 02:53:33,790 - INFO - 所有节点处理完成，共生成939个节点的订阅
2025-09-17 05:14:31,104 - INFO - === W-sub 节点订阅汇总工具启动 ===
2025-09-17 05:14:31,104 - INFO - 当前时间: 2025-09-17 05:14:31
2025-09-17 05:14:31,104 - INFO - 输出目录: subscriptions_output
2025-09-17 05:14:31,104 - INFO - 日志级别: INFO
2025-09-17 05:14:31,104 - INFO - 启用节点连通性检查
2025-09-17 05:14:31,104 - INFO - 尝试加载配置文件: /home/runner/work/W-sub/W-sub/config/config.txt
2025-09-17 05:14:31,105 - INFO - 成功加载配置文件: /home/runner/work/W-sub/W-sub/config/config.txt
2025-09-17 05:14:31,105 - INFO - 成功加载配置，共 19 个节点源
2025-09-17 05:14:31,105 - INFO - 开始合并 19 个节点源
2025-09-17 05:14:31,105 - INFO - 正在获取节点源: https://raw.githubusercontent.com/AvenCores/goida-vpn-configs/refs/heads/main/githubmirror/9.txt (尝试 1/3)
2025-09-17 05:14:31,106 - INFO - 正在获取节点源: https://raw.githubusercontent.com/irfreedom/Vpn-fail/refs/heads/main/subscription/base64 (尝试 1/3)
2025-09-17 05:14:31,106 - INFO - 正在获取节点源: https://raw.githubusercontent.com/Ruk1ng001/freeSub/refs/heads/main/v2ray (尝试 1/3)
2025-09-17 05:14:31,109 - INFO - 正在获取节点源: https://raw.githubusercontent.com/ggborr/FREEE-VPN/refs/heads/main/8V2 (尝试 1/3)
2025-09-17 05:14:31,111 - INFO - 正在获取节点源: https://raw.githubusercontent.com/Epodonios/v2ray-configs/main/All_Configs_base64_Sub.txt (尝试 1/3)
2025-09-17 05:14:31,113 - INFO - 正在获取节点源: https://raw.githubusercontent.com/MohsenReyhani/vless-subscriptions/refs/heads/main/sub.txt (尝试 1/3)
2025-09-17 05:14:31,115 - INFO - 正在获取节点源: https://raw.githubusercontent.com/YFTree/ClashNodes/refs/heads/main/V2Ray/4.txt (尝试 1/3)
2025-09-17 05:14:31,116 - INFO - 正在获取节点源: https://raw.githubusercontent.com/free18/v2ray/refs/heads/main/v.txt (尝试 1/3)
2025-09-17 05:14:31,116 - INFO - 正在获取节点源: https://raw.githubusercontent.com/ts-sf/fly/refs/heads/main/v2 (尝试 1/3)
2025-09-17 05:14:31,116 - INFO - 正在获取节点源: https://raw.githubusercontent.com/ccpthisbigdog/freedomchina/refs/heads/main/subdom.txt (尝试 1/3)
2025-09-17 05:14:31,280 - INFO - 成功从 https://raw.githubusercontent.com/AvenCores/goida-vpn-configs/refs/heads/main/githubmirror/9.txt 获取 63 个节点
2025-09-17 05:14:31,281 - INFO - 正在获取节点源: https://raw.githubusercontent.com/Barabama/FreeNodes/main/nodes/ndnode.txt (尝试 1/3)
2025-09-17 05:14:31,287 - INFO - 成功从 https://raw.githubusercontent.com/free18/v2ray/refs/heads/main/v.txt 获取 29 个节点
2025-09-17 05:14:31,289 - INFO - 正在获取节点源: https://raw.githubusercontent.com/Barabama/FreeNodes/main/nodes/nodev2ray.txt (尝试 1/3)
2025-09-17 05:14:31,340 - INFO - 成功从 https://raw.githubusercontent.com/Ruk1ng001/freeSub/refs/heads/main/v2ray 获取 18 个节点
2025-09-17 05:14:31,341 - INFO - 正在获取节点源: https://raw.githubusercontent.com/Barabama/FreeNodes/main/nodes/v2rayshare.txt (尝试 1/3)
2025-09-17 05:14:31,343 - INFO - 成功从 https://raw.githubusercontent.com/Barabama/FreeNodes/main/nodes/nodev2ray.txt 获取 2 个节点
2025-09-17 05:14:31,343 - INFO - 正在获取节点源: https://raw.githubusercontent.com/azatabd/v2ray_fetch/refs/heads/main/vless.txt (尝试 1/3)
2025-09-17 05:14:31,382 - INFO - 成功从 https://raw.githubusercontent.com/Barabama/FreeNodes/main/nodes/v2rayshare.txt 获取 10 个节点
2025-09-17 05:14:31,383 - INFO - 正在获取节点源: https://raw.githubusercontent.com/azatabd/v2ray_fetch/refs/heads/main/trojan.txt (尝试 1/3)
2025-09-17 05:14:31,388 - INFO - 成功从 https://raw.githubusercontent.com/MohsenReyhani/vless-subscriptions/refs/heads/main/sub.txt 获取 7 个节点
2025-09-17 05:14:31,389 - INFO - 正在获取节点源: https://raw.githubusercontent.com/3yed-61/V2rayCollector/refs/heads/main/sub/vmess (尝试 1/3)
2025-09-17 05:14:31,394 - INFO - 成功从 https://raw.githubusercontent.com/ggborr/FREEE-VPN/refs/heads/main/8V2 获取 9 个节点
2025-09-17 05:14:31,395 - INFO - 正在获取节点源: https://raw.githubusercontent.com/R3ZARAHIMI/tg-v2ray-configs-every2h/refs/heads/main/Config_jo.txt (尝试 1/3)
2025-09-17 05:14:31,413 - INFO - 成功从 https://raw.githubusercontent.com/ts-sf/fly/refs/heads/main/v2 获取 34 个节点
2025-09-17 05:14:31,414 - INFO - 正在获取节点源: https://raw.githubusercontent.com/pachangcheng/mianfeijiedian/refs/heads/main/should.txt (尝试 1/3)
2025-09-17 05:14:31,416 - INFO - 成功从 https://raw.githubusercontent.com/Barabama/FreeNodes/main/nodes/ndnode.txt 获取 17 个节点
2025-09-17 05:14:31,433 - INFO - 成功从 https://raw.githubusercontent.com/ccpthisbigdog/freedomchina/refs/heads/main/subdom.txt 获取 20 个节点
2025-09-17 05:14:31,448 - INFO - 正在获取节点源: https://raw.githubusercontent.com/MatinGhanbari/v2ray-configs/refs/heads/main/subscriptions/v2ray/all_sub.txt (尝试 1/3)
2025-09-17 05:14:31,496 - INFO - 成功从 https://raw.githubusercontent.com/YFTree/ClashNodes/refs/heads/main/V2Ray/4.txt 获取 56 个节点
2025-09-17 05:14:31,518 - INFO - 成功从 https://raw.githubusercontent.com/irfreedom/Vpn-fail/refs/heads/main/subscription/base64 获取 43 个节点
2025-09-17 05:14:31,552 - INFO - 成功从 https://raw.githubusercontent.com/Epodonios/v2ray-configs/main/All_Configs_base64_Sub.txt 获取 1496 个节点
2025-09-17 05:14:31,572 - INFO - 成功从 https://raw.githubusercontent.com/3yed-61/V2rayCollector/refs/heads/main/sub/vmess 获取 28 个节点
2025-09-17 05:14:31,588 - INFO - 成功从 https://raw.githubusercontent.com/R3ZARAHIMI/tg-v2ray-configs-every2h/refs/heads/main/Config_jo.txt 获取 29 个节点
2025-09-17 05:14:31,609 - INFO - 成功从 https://raw.githubusercontent.com/azatabd/v2ray_fetch/refs/heads/main/trojan.txt 获取 45 个节点
2025-09-17 05:14:31,674 - WARNING - 从 https://raw.githubusercontent.com/azatabd/v2ray_fetch/refs/heads/main/vless.txt 获取内容，但未能提取到节点
2025-09-17 05:14:31,674 - INFO - 将在重试 https://raw.githubusercontent.com/azatabd/v2ray_fetch/refs/heads/main/vless.txt
2025-09-17 05:14:31,674 - INFO - 正在获取节点源: https://raw.githubusercontent.com/azatabd/v2ray_fetch/refs/heads/main/vless.txt (尝试 2/3)
2025-09-17 05:14:31,680 - INFO - 成功从 https://raw.githubusercontent.com/pachangcheng/mianfeijiedian/refs/heads/main/should.txt 获取 34 个节点
2025-09-17 05:14:31,780 - INFO - 成功从 https://raw.githubusercontent.com/MatinGhanbari/v2ray-configs/refs/heads/main/subscriptions/v2ray/all_sub.txt 获取 3453 个节点
2025-09-17 05:14:31,942 - WARNING - 从 https://raw.githubusercontent.com/azatabd/v2ray_fetch/refs/heads/main/vless.txt 获取内容，但未能提取到节点
2025-09-17 05:14:31,942 - INFO - 将在重试 https://raw.githubusercontent.com/azatabd/v2ray_fetch/refs/heads/main/vless.txt
2025-09-17 05:14:31,942 - INFO - 正在获取节点源: https://raw.githubusercontent.com/azatabd/v2ray_fetch/refs/heads/main/vless.txt (尝试 3/3)
2025-09-17 05:14:32,050 - WARNING - 从 https://raw.githubusercontent.com/azatabd/v2ray_fetch/refs/heads/main/vless.txt 获取内容，但未能提取到节点
2025-09-17 05:14:32,077 - INFO - 节点合并完成，共获取 3937 个唯一节点
2025-09-17 05:14:32,079 - INFO - 准备生成订阅文件: subscriptions_output/subscription_all.txt，包含3937个节点
2025-09-17 05:14:32,085 - INFO - 订阅已生成: subscriptions_output/subscription_all.txt，大小: 1330880字节
2025-09-17 05:14:32,085 - INFO - === W-sub 节点订阅汇总工具运行完成 ===
2025-09-17 05:14:32,085 - INFO - 所有节点处理完成，共生成3937个节点的订阅
2025-09-17 05:28:15,830 - INFO - === W-sub 节点订阅汇总工具启动 ===
2025-09-17 05:28:15,830 - INFO - 当前时间: 2025-09-17 05:28:15
2025-09-17 05:28:15,830 - INFO - 输出目录: subscriptions_output
2025-09-17 05:28:15,830 - INFO - 日志级别: INFO
2025-09-17 05:28:15,830 - INFO - 尝试加载配置文件: /home/runner/work/W-sub/W-sub/config/config.txt
2025-09-17 05:28:15,830 - INFO - 成功加载配置文件: /home/runner/work/W-sub/W-sub/config/config.txt
2025-09-17 05:28:15,830 - INFO - 成功加载配置，共 19 个节点源
2025-09-17 05:28:15,830 - INFO - 开始合并 19 个节点源
2025-09-17 05:28:15,831 - INFO - 正在获取节点源: https://raw.githubusercontent.com/AvenCores/goida-vpn-configs/refs/heads/main/githubmirror/9.txt (尝试 1/3)
2025-09-17 05:28:15,831 - INFO - 正在获取节点源: https://raw.githubusercontent.com/irfreedom/Vpn-fail/refs/heads/main/subscription/base64 (尝试 1/3)
2025-09-17 05:28:15,832 - INFO - 正在获取节点源: https://raw.githubusercontent.com/Ruk1ng001/freeSub/refs/heads/main/v2ray (尝试 1/3)
2025-09-17 05:28:15,832 - INFO - 正在获取节点源: https://raw.githubusercontent.com/ggborr/FREEE-VPN/refs/heads/main/8V2 (尝试 1/3)
2025-09-17 05:28:15,837 - INFO - 正在获取节点源: https://raw.githubusercontent.com/Epodonios/v2ray-configs/main/All_Configs_base64_Sub.txt (尝试 1/3)
2025-09-17 05:28:15,839 - INFO - 正在获取节点源: https://raw.githubusercontent.com/MohsenReyhani/vless-subscriptions/refs/heads/main/sub.txt (尝试 1/3)
2025-09-17 05:28:15,842 - INFO - 正在获取节点源: https://raw.githubusercontent.com/YFTree/ClashNodes/refs/heads/main/V2Ray/4.txt (尝试 1/3)
2025-09-17 05:28:15,843 - INFO - 正在获取节点源: https://raw.githubusercontent.com/free18/v2ray/refs/heads/main/v.txt (尝试 1/3)
2025-09-17 05:28:15,845 - INFO - 正在获取节点源: https://raw.githubusercontent.com/ts-sf/fly/refs/heads/main/v2 (尝试 1/3)
2025-09-17 05:28:15,846 - INFO - 正在获取节点源: https://raw.githubusercontent.com/ccpthisbigdog/freedomchina/refs/heads/main/subdom.txt (尝试 1/3)
2025-09-17 05:28:16,066 - INFO - 成功从 https://raw.githubusercontent.com/free18/v2ray/refs/heads/main/v.txt 获取 29 个节点
2025-09-17 05:28:16,067 - INFO - 正在获取节点源: https://raw.githubusercontent.com/Barabama/FreeNodes/main/nodes/ndnode.txt (尝试 1/3)
2025-09-17 05:28:16,086 - INFO - 成功从 https://raw.githubusercontent.com/AvenCores/goida-vpn-configs/refs/heads/main/githubmirror/9.txt 获取 65 个节点
2025-09-17 05:28:16,087 - INFO - 正在获取节点源: https://raw.githubusercontent.com/Barabama/FreeNodes/main/nodes/nodev2ray.txt (尝试 1/3)
2025-09-17 05:28:16,091 - INFO - 成功从 https://raw.githubusercontent.com/Ruk1ng001/freeSub/refs/heads/main/v2ray 获取 18 个节点
2025-09-17 05:28:16,092 - INFO - 正在获取节点源: https://raw.githubusercontent.com/Barabama/FreeNodes/main/nodes/v2rayshare.txt (尝试 1/3)
2025-09-17 05:28:16,098 - INFO - 成功从 https://raw.githubusercontent.com/ts-sf/fly/refs/heads/main/v2 获取 34 个节点
2025-09-17 05:28:16,099 - INFO - 正在获取节点源: https://raw.githubusercontent.com/azatabd/v2ray_fetch/refs/heads/main/vless.txt (尝试 1/3)
2025-09-17 05:28:16,104 - INFO - 成功从 https://raw.githubusercontent.com/ggborr/FREEE-VPN/refs/heads/main/8V2 获取 9 个节点
2025-09-17 05:28:16,105 - INFO - 正在获取节点源: https://raw.githubusercontent.com/azatabd/v2ray_fetch/refs/heads/main/trojan.txt (尝试 1/3)
2025-09-17 05:28:16,110 - INFO - 成功从 https://raw.githubusercontent.com/MohsenReyhani/vless-subscriptions/refs/heads/main/sub.txt 获取 5 个节点
2025-09-17 05:28:16,111 - INFO - 正在获取节点源: https://raw.githubusercontent.com/3yed-61/V2rayCollector/refs/heads/main/sub/vmess (尝试 1/3)
2025-09-17 05:28:16,115 - INFO - 成功从 https://raw.githubusercontent.com/YFTree/ClashNodes/refs/heads/main/V2Ray/4.txt 获取 56 个节点
2025-09-17 05:28:16,116 - INFO - 正在获取节点源: https://raw.githubusercontent.com/R3ZARAHIMI/tg-v2ray-configs-every2h/refs/heads/main/Config_jo.txt (尝试 1/3)
2025-09-17 05:28:16,146 - INFO - 成功从 https://raw.githubusercontent.com/irfreedom/Vpn-fail/refs/heads/main/subscription/base64 获取 43 个节点
2025-09-17 05:28:16,154 - INFO - 正在获取节点源: https://raw.githubusercontent.com/pachangcheng/mianfeijiedian/refs/heads/main/should.txt (尝试 1/3)
2025-09-17 05:28:16,192 - INFO - 成功从 https://raw.githubusercontent.com/Barabama/FreeNodes/main/nodes/ndnode.txt 获取 17 个节点
2025-09-17 05:28:16,198 - INFO - 正在获取节点源: https://raw.githubusercontent.com/MatinGhanbari/v2ray-configs/refs/heads/main/subscriptions/v2ray/all_sub.txt (尝试 1/3)
2025-09-17 05:28:16,223 - INFO - 成功从 https://raw.githubusercontent.com/ccpthisbigdog/freedomchina/refs/heads/main/subdom.txt 获取 20 个节点
2025-09-17 05:28:16,272 - INFO - 成功从 https://raw.githubusercontent.com/Barabama/FreeNodes/main/nodes/v2rayshare.txt 获取 10 个节点
2025-09-17 05:28:16,309 - INFO - 成功从 https://raw.githubusercontent.com/3yed-61/V2rayCollector/refs/heads/main/sub/vmess 获取 28 个节点
2025-09-17 05:28:16,323 - INFO - 成功从 https://raw.githubusercontent.com/R3ZARAHIMI/tg-v2ray-configs-every2h/refs/heads/main/Config_jo.txt 获取 29 个节点
2025-09-17 05:28:16,360 - INFO - 成功从 https://raw.githubusercontent.com/azatabd/v2ray_fetch/refs/heads/main/trojan.txt 获取 45 个节点
2025-09-17 05:28:16,374 - INFO - 成功从 https://raw.githubusercontent.com/pachangcheng/mianfeijiedian/refs/heads/main/should.txt 获取 34 个节点
2025-09-17 05:28:16,390 - INFO - 成功从 https://raw.githubusercontent.com/Barabama/FreeNodes/main/nodes/nodev2ray.txt 获取 2 个节点
2025-09-17 05:28:16,631 - INFO - 成功从 https://raw.githubusercontent.com/Epodonios/v2ray-configs/main/All_Configs_base64_Sub.txt 获取 1497 个节点
2025-09-17 05:28:16,709 - INFO - 成功从 https://raw.githubusercontent.com/MatinGhanbari/v2ray-configs/refs/heads/main/subscriptions/v2ray/all_sub.txt 获取 3454 个节点
2025-09-17 05:28:16,739 - WARNING - 从 https://raw.githubusercontent.com/azatabd/v2ray_fetch/refs/heads/main/vless.txt 获取内容，但未能提取到节点
2025-09-17 05:28:16,739 - INFO - 将在重试 https://raw.githubusercontent.com/azatabd/v2ray_fetch/refs/heads/main/vless.txt
2025-09-17 05:28:16,739 - INFO - 正在获取节点源: https://raw.githubusercontent.com/azatabd/v2ray_fetch/refs/heads/main/vless.txt (尝试 2/3)
2025-09-17 05:28:16,912 - WARNING - 从 https://raw.githubusercontent.com/azatabd/v2ray_fetch/refs/heads/main/vless.txt 获取内容，但未能提取到节点
2025-09-17 05:28:16,913 - INFO - 将在重试 https://raw.githubusercontent.com/azatabd/v2ray_fetch/refs/heads/main/vless.txt
2025-09-17 05:28:16,913 - INFO - 正在获取节点源: https://raw.githubusercontent.com/azatabd/v2ray_fetch/refs/heads/main/vless.txt (尝试 3/3)
2025-09-17 05:28:17,079 - WARNING - 从 https://raw.githubusercontent.com/azatabd/v2ray_fetch/refs/heads/main/vless.txt 获取内容，但未能提取到节点
2025-09-17 05:28:17,105 - INFO - 节点合并完成，共获取 3937 个唯一节点
2025-09-17 05:28:17,107 - INFO - 准备生成订阅文件: subscriptions_output/subscription_all.txt，包含3937个节点
2025-09-17 05:28:17,114 - INFO - 订阅已生成: subscriptions_output/subscription_all.txt，大小: 1330776字节
2025-09-17 05:28:17,114 - INFO - === W-sub 节点订阅汇总工具运行完成 ===
2025-09-17 05:28:17,114 - INFO - 所有节点处理完成，共生成3937个节点的订阅
2025-09-17 05:32:13,126 - INFO - === W-sub 节点订阅汇总工具启动 ===
2025-09-17 05:32:13,126 - INFO - 当前时间: 2025-09-17 05:32:13
2025-09-17 05:32:13,126 - INFO - 输出目录: subscriptions_output
2025-09-17 05:32:13,126 - INFO - 日志级别: INFO
2025-09-17 05:32:13,126 - INFO - 尝试加载配置文件: /home/runner/work/W-sub/W-sub/config/config.txt
2025-09-17 05:32:13,127 - INFO - 成功加载配置文件: /home/runner/work/W-sub/W-sub/config/config.txt
2025-09-17 05:32:13,127 - INFO - 成功加载配置，共 15 个节点源
2025-09-17 05:32:13,127 - INFO - 开始合并 15 个节点源
2025-09-17 05:32:13,127 - INFO - 正在获取节点源: https://raw.githubusercontent.com/irfreedom/Vpn-fail/refs/heads/main/subscription/base64 (尝试 1/3)
2025-09-17 05:32:13,128 - INFO - 正在获取节点源: https://raw.githubusercontent.com/Ruk1ng001/freeSub/refs/heads/main/v2ray (尝试 1/3)
2025-09-17 05:32:13,129 - INFO - 正在获取节点源: https://raw.githubusercontent.com/ggborr/FREEE-VPN/refs/heads/main/8V2 (尝试 1/3)
2025-09-17 05:32:13,129 - INFO - 正在获取节点源: https://raw.githubusercontent.com/Epodonios/v2ray-configs/main/All_Configs_base64_Sub.txt (尝试 1/3)
2025-09-17 05:32:13,135 - INFO - 正在获取节点源: https://raw.githubusercontent.com/MohsenReyhani/vless-subscriptions/refs/heads/main/sub.txt (尝试 1/3)
2025-09-17 05:32:13,136 - INFO - 正在获取节点源: https://raw.githubusercontent.com/YFTree/ClashNodes/refs/heads/main/V2Ray/4.txt (尝试 1/3)
2025-09-17 05:32:13,138 - INFO - 正在获取节点源: https://raw.githubusercontent.com/free18/v2ray/refs/heads/main/v.txt (尝试 1/3)
2025-09-17 05:32:13,139 - INFO - 正在获取节点源: https://raw.githubusercontent.com/ts-sf/fly/refs/heads/main/v2 (尝试 1/3)
2025-09-17 05:32:13,139 - INFO - 正在获取节点源: https://raw.githubusercontent.com/ccpthisbigdog/freedomchina/refs/heads/main/subdom.txt (尝试 1/3)
2025-09-17 05:32:13,143 - INFO - 正在获取节点源: https://raw.githubusercontent.com/Barabama/FreeNodes/main/nodes/ndnode.txt (尝试 1/3)
2025-09-17 05:32:13,270 - INFO - 成功从 https://raw.githubusercontent.com/ts-sf/fly/refs/heads/main/v2 获取 34 个节点
2025-09-17 05:32:13,271 - INFO - 正在获取节点源: https://raw.githubusercontent.com/azatabd/v2ray_fetch/refs/heads/main/vless.txt (尝试 1/3)
2025-09-17 05:32:13,331 - INFO - 成功从 https://raw.githubusercontent.com/YFTree/ClashNodes/refs/heads/main/V2Ray/4.txt 获取 56 个节点
2025-09-17 05:32:13,333 - INFO - 正在获取节点源: https://raw.githubusercontent.com/3yed-61/V2rayCollector/refs/heads/main/sub/vmess (尝试 1/3)
2025-09-17 05:32:13,344 - INFO - 成功从 https://raw.githubusercontent.com/ccpthisbigdog/freedomchina/refs/heads/main/subdom.txt 获取 20 个节点
2025-09-17 05:32:13,346 - INFO - 正在获取节点源: https://raw.githubusercontent.com/R3ZARAHIMI/tg-v2ray-configs-every2h/refs/heads/main/Config_jo.txt (尝试 1/3)
2025-09-17 05:32:13,348 - INFO - 成功从 https://raw.githubusercontent.com/Barabama/FreeNodes/main/nodes/ndnode.txt 获取 17 个节点
2025-09-17 05:32:13,349 - INFO - 正在获取节点源: https://raw.githubusercontent.com/pachangcheng/mianfeijiedian/refs/heads/main/should.txt (尝试 1/3)
2025-09-17 05:32:13,352 - INFO - 成功从 https://raw.githubusercontent.com/Ruk1ng001/freeSub/refs/heads/main/v2ray 获取 18 个节点
2025-09-17 05:32:13,353 - INFO - 正在获取节点源: https://raw.githubusercontent.com/MatinGhanbari/v2ray-configs/refs/heads/main/subscriptions/v2ray/all_sub.txt (尝试 1/3)
2025-09-17 05:32:13,356 - INFO - 成功从 https://raw.githubusercontent.com/ggborr/FREEE-VPN/refs/heads/main/8V2 获取 9 个节点
2025-09-17 05:32:13,359 - INFO - 成功从 https://raw.githubusercontent.com/MohsenReyhani/vless-subscriptions/refs/heads/main/sub.txt 获取 5 个节点
2025-09-17 05:32:13,360 - INFO - 成功从 https://raw.githubusercontent.com/irfreedom/Vpn-fail/refs/heads/main/subscription/base64 获取 43 个节点
2025-09-17 05:32:13,363 - INFO - 成功从 https://raw.githubusercontent.com/free18/v2ray/refs/heads/main/v.txt 获取 29 个节点
2025-09-17 05:32:13,455 - INFO - 成功从 https://raw.githubusercontent.com/3yed-61/V2rayCollector/refs/heads/main/sub/vmess 获取 28 个节点
2025-09-17 05:32:13,489 - WARNING - 从 https://raw.githubusercontent.com/azatabd/v2ray_fetch/refs/heads/main/vless.txt 获取内容，但未能提取到节点
2025-09-17 05:32:13,491 - INFO - 将在重试 https://raw.githubusercontent.com/azatabd/v2ray_fetch/refs/heads/main/vless.txt
2025-09-17 05:32:13,491 - INFO - 正在获取节点源: https://raw.githubusercontent.com/azatabd/v2ray_fetch/refs/heads/main/vless.txt (尝试 2/3)
2025-09-17 05:32:13,494 - INFO - 成功从 https://raw.githubusercontent.com/R3ZARAHIMI/tg-v2ray-configs-every2h/refs/heads/main/Config_jo.txt 获取 29 个节点
2025-09-17 05:32:13,500 - INFO - 成功从 https://raw.githubusercontent.com/pachangcheng/mianfeijiedian/refs/heads/main/should.txt 获取 34 个节点
2025-09-17 05:32:13,648 - INFO - 成功从 https://raw.githubusercontent.com/Epodonios/v2ray-configs/main/All_Configs_base64_Sub.txt 获取 1497 个节点
2025-09-17 05:32:13,740 - WARNING - 从 https://raw.githubusercontent.com/azatabd/v2ray_fetch/refs/heads/main/vless.txt 获取内容，但未能提取到节点
2025-09-17 05:32:13,740 - INFO - 将在重试 https://raw.githubusercontent.com/azatabd/v2ray_fetch/refs/heads/main/vless.txt
2025-09-17 05:32:13,740 - INFO - 正在获取节点源: https://raw.githubusercontent.com/azatabd/v2ray_fetch/refs/heads/main/vless.txt (尝试 3/3)
2025-09-17 05:32:13,791 - INFO - 成功从 https://raw.githubusercontent.com/MatinGhanbari/v2ray-configs/refs/heads/main/subscriptions/v2ray/all_sub.txt 获取 3454 个节点
2025-09-17 05:32:13,925 - WARNING - 从 https://raw.githubusercontent.com/azatabd/v2ray_fetch/refs/heads/main/vless.txt 获取内容，但未能提取到节点
2025-09-17 05:32:13,952 - INFO - 节点合并完成，共获取 3916 个唯一节点
2025-09-17 05:32:13,954 - INFO - 准备生成订阅文件: subscriptions_output/subscription_all.txt，包含3916个节点
2025-09-17 05:32:13,961 - INFO - 订阅已生成: subscriptions_output/subscription_all.txt，大小: 1323084字节
2025-09-17 05:32:13,961 - INFO - === W-sub 节点订阅汇总工具运行完成 ===
2025-09-17 05:32:13,961 - INFO - 所有节点处理完成，共生成3916个节点的订阅
